<?xml version="1.0" encoding="UTF-8"?>
<Site BuildName="(empty)"
	BuildStamp="20230205-0518-Experimental"
	Name="(empty)"
	Generator="ctest-3.24.2"
	CompilerName=""
	CompilerVersion=""
	OSName="macOS"
	Hostname="Annas-MBP"
	OSRelease="13.2"
	OSVersion="22D49"
	OSPlatform="x86_64"
	Is64Bits="1"
	VendorString="GenuineIntel"
	VendorID="Intel Corporation"
	FamilyID="6"
	ModelID="158"
	ProcessorCacheSize="32768"
	NumberOfLogicalCPU="12"
	NumberOfPhysicalCPU="6"
	TotalVirtualMemory="1024"
	TotalPhysicalMemory="16384"
	LogicalProcessorsPerPhysical="8"
	ProcessorClockFrequency="2600"
	>
	<Testing>
		<StartDateTime>Feb 05 00:18 EST</StartDateTime>
		<StartTestTime>1675574292</StartTestTime>
		<TestList/>
		<EndDateTime>Feb 05 00:18 EST</EndDateTime>
		<EndTestTime>1675574292</EndTestTime>
		<ElapsedMinutes>0</ElapsedMinutes>
	</Testing>
</Site>
